<?xml version="1.0" encoding="UTF-8"?>
<coverage generated="1767651542">
  <project timestamp="1767651542">
    <file name="/opt/lampp/htdocs/SERVIDOR/VIDEOCLUB/Videoclub/app/Dwes/proyectoVideoclub/CintaVideo.php">
      <class name="Dwes\ProyectoVideoclub\CintaVideo" namespace="global">
        <metrics complexity="5" methods="4" coveredmethods="2" conditionals="0" coveredconditionals="0" statements="5" coveredstatements="3" elements="9" coveredelements="5"/>
      </class>
      <line num="10" type="method" name="__construct" visibility="public" complexity="1" crap="1" count="5"/>
      <line num="11" type="stmt" count="5"/>
      <line num="12" type="stmt" count="5"/>
      <line num="15" type="method" name="getDuracion" visibility="public" complexity="1" crap="2" count="0"/>
      <line num="16" type="stmt" count="0"/>
      <line num="19" type="method" name="muestraResumen" visibility="public" complexity="1" crap="1" count="1"/>
      <line num="20" type="stmt" count="1"/>
      <line num="23" type="method" name="getPuntuacion" visibility="public" complexity="2" crap="6" count="0"/>
      <metrics loc="25" ncloc="24" classes="1" methods="4" coveredmethods="2" conditionals="0" coveredconditionals="0" statements="5" coveredstatements="3" elements="9" coveredelements="5"/>
    </file>
    <file name="/opt/lampp/htdocs/SERVIDOR/VIDEOCLUB/Videoclub/app/Dwes/proyectoVideoclub/Cliente.php">
      <class name="Dwes\ProyectoVideoclub\Cliente" namespace="global">
        <metrics complexity="33" methods="17" coveredmethods="6" conditionals="0" coveredconditionals="0" statements="70" coveredstatements="36" elements="87" coveredelements="42"/>
      </class>
      <line num="22" type="method" name="__construct" visibility="public" complexity="3" crap="3" count="6"/>
      <line num="24" type="stmt" count="6"/>
      <line num="25" type="stmt" count="6"/>
      <line num="26" type="stmt" count="6"/>
      <line num="28" type="stmt" count="6"/>
      <line num="29" type="stmt" count="6"/>
      <line num="31" type="stmt" count="6"/>
      <line num="32" type="stmt" count="6"/>
      <line num="35" type="stmt" count="6"/>
      <line num="36" type="stmt" count="6"/>
      <line num="39" type="method" name="getNumero" visibility="public" complexity="1" crap="2" count="0"/>
      <line num="41" type="stmt" count="0"/>
      <line num="44" type="method" name="setNumero" visibility="public" complexity="1" crap="2" count="0"/>
      <line num="46" type="stmt" count="0"/>
      <line num="49" type="method" name="getNumSoportesAlquilados" visibility="public" complexity="1" crap="1" count="3"/>
      <line num="51" type="stmt" count="3"/>
      <line num="54" type="method" name="getNombre" visibility="public" complexity="1" crap="2" count="0"/>
      <line num="56" type="stmt" count="0"/>
      <line num="59" type="method" name="setNombre" visibility="public" complexity="1" crap="2" count="0"/>
      <line num="61" type="stmt" count="0"/>
      <line num="64" type="method" name="getUser" visibility="public" complexity="1" crap="2" count="0"/>
      <line num="66" type="stmt" count="0"/>
      <line num="69" type="method" name="setUser" visibility="public" complexity="1" crap="2" count="0"/>
      <line num="71" type="stmt" count="0"/>
      <line num="74" type="method" name="setPassword" visibility="public" complexity="1" crap="1" count="6"/>
      <line num="76" type="stmt" count="6"/>
      <line num="79" type="method" name="verifyPassword" visibility="public" complexity="2" crap="6" count="0"/>
      <line num="81" type="stmt" count="0"/>
      <line num="82" type="stmt" count="0"/>
      <line num="85" type="method" name="muestraResumen" visibility="public" complexity="1" crap="2" count="0"/>
      <line num="87" type="stmt" count="0"/>
      <line num="90" type="method" name="tieneAlquilado" visibility="public" complexity="3" crap="3" count="6"/>
      <line num="92" type="stmt" count="6"/>
      <line num="93" type="stmt" count="5"/>
      <line num="95" type="stmt" count="6"/>
      <line num="98" type="method" name="alquilar" visibility="public" complexity="5" crap="5" count="6"/>
      <line num="100" type="stmt" count="6"/>
      <line num="101" type="stmt" count="1"/>
      <line num="102" type="stmt" count="1"/>
      <line num="103" type="stmt" count="1"/>
      <line num="104" type="stmt" count="1"/>
      <line num="105" type="stmt" count="1"/>
      <line num="108" type="stmt" count="6"/>
      <line num="109" type="stmt" count="1"/>
      <line num="110" type="stmt" count="1"/>
      <line num="111" type="stmt" count="1"/>
      <line num="112" type="stmt" count="1"/>
      <line num="113" type="stmt" count="1"/>
      <line num="114" type="stmt" count="1"/>
      <line num="117" type="stmt" count="6"/>
      <line num="118" type="stmt" count="6"/>
      <line num="119" type="stmt" count="6"/>
      <line num="120" type="stmt" count="6"/>
      <line num="121" type="stmt" count="6"/>
      <line num="122" type="stmt" count="6"/>
      <line num="123" type="stmt" count="6"/>
      <line num="124" type="stmt" count="6"/>
      <line num="127" type="method" name="devolver" visibility="public" complexity="3" crap="12" count="0"/>
      <line num="129" type="stmt" count="0"/>
      <line num="130" type="stmt" count="0"/>
      <line num="131" type="stmt" count="0"/>
      <line num="132" type="stmt" count="0"/>
      <line num="133" type="stmt" count="0"/>
      <line num="135" type="stmt" count="0"/>
      <line num="136" type="stmt" count="0"/>
      <line num="137" type="stmt" count="0"/>
      <line num="138" type="stmt" count="0"/>
      <line num="139" type="stmt" count="0"/>
      <line num="140" type="stmt" count="0"/>
      <line num="143" type="stmt" count="0"/>
      <line num="144" type="stmt" count="0"/>
      <line num="145" type="stmt" count="0"/>
      <line num="146" type="stmt" count="0"/>
      <line num="147" type="stmt" count="0"/>
      <line num="150" type="method" name="listaAlquileres" visibility="public" complexity="3" crap="12" count="0"/>
      <line num="152" type="stmt" count="0"/>
      <line num="153" type="stmt" count="0"/>
      <line num="154" type="stmt" count="0"/>
      <line num="155" type="stmt" count="0"/>
      <line num="164" type="method" name="getAlquileres" visibility="public" complexity="1" crap="1" count="4"/>
      <line num="166" type="stmt" count="4"/>
      <line num="169" type="method" name="setSoportesAlquiladosFromArray" visibility="public" complexity="4" crap="20" count="0"/>
      <line num="171" type="stmt" count="0"/>
      <line num="172" type="stmt" count="0"/>
      <line num="173" type="stmt" count="0"/>
      <line num="174" type="stmt" count="0"/>
      <line num="175" type="stmt" count="0"/>
      <metrics loc="180" ncloc="174" classes="1" methods="17" coveredmethods="6" conditionals="0" coveredconditionals="0" statements="70" coveredstatements="36" elements="87" coveredelements="42"/>
    </file>
    <file name="/opt/lampp/htdocs/SERVIDOR/VIDEOCLUB/Videoclub/app/Dwes/proyectoVideoclub/Dvd.php">
      <class name="Dwes\ProyectoVideoclub\Dvd" namespace="global">
        <metrics complexity="6" methods="4" coveredmethods="3" conditionals="0" coveredconditionals="0" statements="12" coveredstatements="9" elements="16" coveredelements="12"/>
      </class>
      <line num="12" type="method" name="__construct" visibility="public" complexity="1" crap="1" count="6"/>
      <line num="14" type="stmt" count="6"/>
      <line num="15" type="stmt" count="6"/>
      <line num="16" type="stmt" count="6"/>
      <line num="17" type="stmt" count="6"/>
      <line num="20" type="method" name="getDuracion" visibility="public" complexity="1" crap="1" count="1"/>
      <line num="22" type="stmt" count="1"/>
      <line num="25" type="method" name="muestraResumen" visibility="public" complexity="2" crap="2" count="1"/>
      <line num="27" type="stmt" count="1"/>
      <line num="28" type="stmt" count="1"/>
      <line num="29" type="stmt" count="1"/>
      <line num="33" type="stmt" count="1"/>
      <line num="36" type="method" name="getPuntuacion" visibility="public" complexity="2" crap="6" count="0"/>
      <line num="38" type="stmt" count="0"/>
      <line num="39" type="stmt" count="0"/>
      <line num="40" type="stmt" count="0"/>
      <metrics loc="43" ncloc="41" classes="1" methods="4" coveredmethods="3" conditionals="0" coveredconditionals="0" statements="12" coveredstatements="9" elements="16" coveredelements="12"/>
    </file>
    <file name="/opt/lampp/htdocs/SERVIDOR/VIDEOCLUB/Videoclub/app/Dwes/proyectoVideoclub/Exception/ClienteNoExisteException.php">
      <class name="Dwes\ProyectoVideoclub\Exception\ClienteNoExisteException" namespace="global">
        <metrics complexity="0" methods="0" coveredmethods="0" conditionals="0" coveredconditionals="0" statements="0" coveredstatements="0" elements="0" coveredelements="0"/>
      </class>
      <metrics loc="9" ncloc="9" classes="0" methods="0" coveredmethods="0" conditionals="0" coveredconditionals="0" statements="0" coveredstatements="0" elements="0" coveredelements="0"/>
    </file>
    <file name="/opt/lampp/htdocs/SERVIDOR/VIDEOCLUB/Videoclub/app/Dwes/proyectoVideoclub/Exception/CupoSuperadoException.php">
      <class name="Dwes\ProyectoVideoclub\Exception\CupoSuperadoException" namespace="global">
        <metrics complexity="0" methods="0" coveredmethods="0" conditionals="0" coveredconditionals="0" statements="0" coveredstatements="0" elements="0" coveredelements="0"/>
      </class>
      <metrics loc="7" ncloc="7" classes="0" methods="0" coveredmethods="0" conditionals="0" coveredconditionals="0" statements="0" coveredstatements="0" elements="0" coveredelements="0"/>
    </file>
    <file name="/opt/lampp/htdocs/SERVIDOR/VIDEOCLUB/Videoclub/app/Dwes/proyectoVideoclub/Exception/SoporteNoEncontradoException.php">
      <class name="Dwes\ProyectoVideoclub\Exception\SoporteNoEncontradoException" namespace="global">
        <metrics complexity="0" methods="0" coveredmethods="0" conditionals="0" coveredconditionals="0" statements="0" coveredstatements="0" elements="0" coveredelements="0"/>
      </class>
      <metrics loc="7" ncloc="7" classes="0" methods="0" coveredmethods="0" conditionals="0" coveredconditionals="0" statements="0" coveredstatements="0" elements="0" coveredelements="0"/>
    </file>
    <file name="/opt/lampp/htdocs/SERVIDOR/VIDEOCLUB/Videoclub/app/Dwes/proyectoVideoclub/Exception/SoporteYaAlquiladoException.php">
      <class name="Dwes\ProyectoVideoclub\Exception\SoporteYaAlquiladoException" namespace="global">
        <metrics complexity="0" methods="0" coveredmethods="0" conditionals="0" coveredconditionals="0" statements="0" coveredstatements="0" elements="0" coveredelements="0"/>
      </class>
      <metrics loc="7" ncloc="7" classes="0" methods="0" coveredmethods="0" conditionals="0" coveredconditionals="0" statements="0" coveredstatements="0" elements="0" coveredelements="0"/>
    </file>
    <file name="/opt/lampp/htdocs/SERVIDOR/VIDEOCLUB/Videoclub/app/Dwes/proyectoVideoclub/Juego.php">
      <class name="Dwes\ProyectoVideoclub\Juego" namespace="global">
        <metrics complexity="12" methods="8" coveredmethods="2" conditionals="0" coveredconditionals="0" statements="16" coveredstatements="6" elements="24" coveredelements="8"/>
      </class>
      <line num="13" type="method" name="__construct" visibility="public" complexity="1" crap="1" count="2"/>
      <line num="14" type="stmt" count="2"/>
      <line num="15" type="stmt" count="2"/>
      <line num="16" type="stmt" count="2"/>
      <line num="17" type="stmt" count="2"/>
      <line num="20" type="method" name="getConsola" visibility="public" complexity="1" crap="2" count="0"/>
      <line num="21" type="stmt" count="0"/>
      <line num="24" type="method" name="getMinNumJugadores" visibility="public" complexity="1" crap="2" count="0"/>
      <line num="25" type="stmt" count="0"/>
      <line num="28" type="method" name="getMaxNumJugadores" visibility="public" complexity="1" crap="2" count="0"/>
      <line num="29" type="stmt" count="0"/>
      <line num="32" type="method" name="muestraJugadoresPosibles" visibility="public" complexity="4" crap="20" count="0"/>
      <line num="34" type="stmt" count="0"/>
      <line num="35" type="stmt" count="0"/>
      <line num="37" type="stmt" count="0"/>
      <line num="38" type="stmt" count="0"/>
      <line num="41" type="stmt" count="0"/>
      <line num="45" type="method" name="muestraResumen" visibility="public" complexity="1" crap="1" count="1"/>
      <line num="46" type="stmt" count="1"/>
      <line num="47" type="stmt" count="1"/>
      <line num="50" type="method" name="__toString" visibility="public" complexity="1" crap="2" count="0"/>
      <line num="51" type="stmt" count="0"/>
      <line num="54" type="method" name="getPuntuacion" visibility="public" complexity="2" crap="6" count="0"/>
      <metrics loc="56" ncloc="55" classes="1" methods="8" coveredmethods="2" conditionals="0" coveredconditionals="0" statements="16" coveredstatements="6" elements="24" coveredelements="8"/>
    </file>
    <file name="/opt/lampp/htdocs/SERVIDOR/VIDEOCLUB/Videoclub/app/Dwes/proyectoVideoclub/Soporte.php">
      <class name="Dwes\ProyectoVideoclub\Soporte" namespace="global">
        <metrics complexity="13" methods="9" coveredmethods="2" conditionals="0" coveredconditionals="0" statements="21" coveredstatements="12" elements="30" coveredelements="14"/>
      </class>
      <line num="27" type="method" name="__construct" visibility="public" complexity="2" crap="2.03" count="14"/>
      <line num="29" type="stmt" count="14"/>
      <line num="30" type="stmt" count="14"/>
      <line num="31" type="stmt" count="14"/>
      <line num="33" type="stmt" count="14"/>
      <line num="34" type="stmt" count="0"/>
      <line num="38" type="method" name="getTitulo" visibility="public" complexity="1" crap="1" count="11"/>
      <line num="40" type="stmt" count="11"/>
      <line num="43" type="method" name="getPrecio" visibility="public" complexity="1" crap="2" count="0"/>
      <line num="45" type="stmt" count="0"/>
      <line num="48" type="method" name="getPrecioConIVA" visibility="public" complexity="1" crap="2" count="0"/>
      <line num="50" type="stmt" count="0"/>
      <line num="53" type="method" name="getNumero" visibility="public" complexity="1" crap="1" count="5"/>
      <line num="55" type="stmt" count="5"/>
      <line num="58" type="method" name="getIVA" visibility="public" complexity="1" crap="2" count="0"/>
      <line num="60" type="stmt" count="0"/>
      <line num="63" type="method" name="getMetacritic" visibility="public" complexity="1" crap="2" count="0"/>
      <line num="65" type="stmt" count="0"/>
      <line num="68" type="method" name="setMetacritic" visibility="public" complexity="3" crap="4.12" count="4"/>
      <line num="70" type="stmt" count="4"/>
      <line num="71" type="stmt" count="4"/>
      <line num="72" type="stmt" count="4"/>
      <line num="75" type="stmt" count="0"/>
      <line num="76" type="stmt" count="0"/>
      <line num="79" type="stmt" count="0"/>
      <line num="82" type="method" name="muestraResumen" visibility="public" complexity="2" crap="2.06" count="3"/>
      <line num="84" type="stmt" count="3"/>
      <line num="85" type="stmt" count="3"/>
      <line num="86" type="stmt" count="0"/>
      <line num="88" type="stmt" count="3"/>
      <metrics loc="105" ncloc="79" classes="1" methods="9" coveredmethods="2" conditionals="0" coveredconditionals="0" statements="21" coveredstatements="12" elements="30" coveredelements="14"/>
    </file>
    <file name="/opt/lampp/htdocs/SERVIDOR/VIDEOCLUB/Videoclub/app/Dwes/proyectoVideoclub/Util/ClienteNoEncontradoException.php">
      <class name="Dwes\ProyectoVideoclub\Util\ClienteNoEncontradoException" namespace="global">
        <metrics complexity="0" methods="0" coveredmethods="0" conditionals="0" coveredconditionals="0" statements="0" coveredstatements="0" elements="0" coveredelements="0"/>
      </class>
      <metrics loc="7" ncloc="7" classes="0" methods="0" coveredmethods="0" conditionals="0" coveredconditionals="0" statements="0" coveredstatements="0" elements="0" coveredelements="0"/>
    </file>
    <file name="/opt/lampp/htdocs/SERVIDOR/VIDEOCLUB/Videoclub/app/Dwes/proyectoVideoclub/Util/LogFactory.php">
      <class name="Dwes\ProyectoVideoclub\Util\LogFactory" namespace="global">
        <metrics complexity="3" methods="1" coveredmethods="0" conditionals="0" coveredconditionals="0" statements="8" coveredstatements="6" elements="9" coveredelements="6"/>
      </class>
      <line num="18" type="method" name="crearLogger" visibility="public" complexity="3" crap="3.14" count="12"/>
      <line num="20" type="stmt" count="12"/>
      <line num="21" type="stmt" count="0"/>
      <line num="25" type="stmt" count="12"/>
      <line num="26" type="stmt" count="12"/>
      <line num="27" type="stmt" count="0"/>
      <line num="31" type="stmt" count="12"/>
      <line num="32" type="stmt" count="12"/>
      <line num="34" type="stmt" count="12"/>
      <metrics loc="40" ncloc="31" classes="1" methods="1" coveredmethods="0" conditionals="0" coveredconditionals="0" statements="8" coveredstatements="6" elements="9" coveredelements="6"/>
    </file>
    <file name="/opt/lampp/htdocs/SERVIDOR/VIDEOCLUB/Videoclub/app/Dwes/proyectoVideoclub/Util/MetacriticScraper.php">
      <class name="Dwes\ProyectoVideoclub\Util\MetacriticScraper" namespace="global">
        <metrics complexity="11" methods="1" coveredmethods="0" conditionals="0" coveredconditionals="0" statements="28" coveredstatements="0" elements="29" coveredelements="0"/>
      </class>
      <line num="16" type="method" name="obtenerPuntuacion" visibility="public" complexity="11" crap="132" count="0"/>
      <line num="18" type="stmt" count="0"/>
      <line num="19" type="stmt" count="0"/>
      <line num="23" type="stmt" count="0"/>
      <line num="24" type="stmt" count="0"/>
      <line num="25" type="stmt" count="0"/>
      <line num="26" type="stmt" count="0"/>
      <line num="27" type="stmt" count="0"/>
      <line num="28" type="stmt" count="0"/>
      <line num="29" type="stmt" count="0"/>
      <line num="31" type="stmt" count="0"/>
      <line num="33" type="stmt" count="0"/>
      <line num="34" type="stmt" count="0"/>
      <line num="35" type="stmt" count="0"/>
      <line num="36" type="stmt" count="0"/>
      <line num="37" type="stmt" count="0"/>
      <line num="39" type="stmt" count="0"/>
      <line num="41" type="stmt" count="0"/>
      <line num="45" type="stmt" count="0"/>
      <line num="46" type="stmt" count="0"/>
      <line num="47" type="stmt" count="0"/>
      <line num="48" type="stmt" count="0"/>
      <line num="49" type="stmt" count="0"/>
      <line num="50" type="stmt" count="0"/>
      <line num="51" type="stmt" count="0"/>
      <line num="57" type="stmt" count="0"/>
      <line num="58" type="stmt" count="0"/>
      <line num="59" type="stmt" count="0"/>
      <line num="62" type="stmt" count="0"/>
      <metrics loc="65" ncloc="51" classes="1" methods="1" coveredmethods="0" conditionals="0" coveredconditionals="0" statements="28" coveredstatements="0" elements="29" coveredelements="0"/>
    </file>
    <file name="/opt/lampp/htdocs/SERVIDOR/VIDEOCLUB/Videoclub/app/Dwes/proyectoVideoclub/Util/VideoclubException.php">
      <class name="Dwes\ProyectoVideoclub\Util\VideoclubException" namespace="global">
        <metrics complexity="0" methods="0" coveredmethods="0" conditionals="0" coveredconditionals="0" statements="0" coveredstatements="0" elements="0" coveredelements="0"/>
      </class>
      <metrics loc="7" ncloc="7" classes="0" methods="0" coveredmethods="0" conditionals="0" coveredconditionals="0" statements="0" coveredstatements="0" elements="0" coveredelements="0"/>
    </file>
    <file name="/opt/lampp/htdocs/SERVIDOR/VIDEOCLUB/Videoclub/app/Dwes/proyectoVideoclub/Videoclub.php">
      <class name="Dwes\ProyectoVideoclub\Videoclub" namespace="global">
        <metrics complexity="37" methods="13" coveredmethods="6" conditionals="0" coveredconditionals="0" statements="82" coveredstatements="52" elements="95" coveredelements="58"/>
      </class>
      <line num="25" type="method" name="__construct" visibility="public" complexity="1" crap="1" count="6"/>
      <line num="27" type="stmt" count="6"/>
      <line num="29" type="stmt" count="6"/>
      <line num="30" type="stmt" count="6"/>
      <line num="43" type="method" name="listarProductos" visibility="public" complexity="3" crap="12" count="0"/>
      <line num="45" type="stmt" count="0"/>
      <line num="46" type="stmt" count="0"/>
      <line num="47" type="stmt" count="0"/>
      <line num="52" type="method" name="listarSocios" visibility="public" complexity="3" crap="12" count="0"/>
      <line num="54" type="stmt" count="0"/>
      <line num="55" type="stmt" count="0"/>
      <line num="56" type="stmt" count="0"/>
      <line num="61" type="method" name="incluirProducto" visibility="private" complexity="2" crap="2" count="4"/>
      <line num="63" type="stmt" count="4"/>
      <line num="64" type="stmt" count="4"/>
      <line num="65" type="stmt" count="4"/>
      <line num="68" type="method" name="incluirSocio" visibility="public" complexity="1" crap="1" count="2"/>
      <line num="70" type="stmt" count="2"/>
      <line num="71" type="stmt" count="2"/>
      <line num="72" type="stmt" count="2"/>
      <line num="73" type="stmt" count="2"/>
      <line num="85" type="method" name="incluirCintaVideo" visibility="public" complexity="2" crap="2" count="4"/>
      <line num="87" type="stmt" count="4"/>
      <line num="89" type="stmt" count="4"/>
      <line num="90" type="stmt" count="4"/>
      <line num="92" type="stmt" count="4"/>
      <line num="93" type="stmt" count="4"/>
      <line num="106" type="method" name="incluirDvd" visibility="public" complexity="2" crap="6" count="0"/>
      <line num="108" type="stmt" count="0"/>
      <line num="109" type="stmt" count="0"/>
      <line num="110" type="stmt" count="0"/>
      <line num="112" type="stmt" count="0"/>
      <line num="113" type="stmt" count="0"/>
      <line num="127" type="method" name="incluirJuego" visibility="public" complexity="2" crap="6" count="0"/>
      <line num="129" type="stmt" count="0"/>
      <line num="130" type="stmt" count="0"/>
      <line num="131" type="stmt" count="0"/>
      <line num="133" type="stmt" count="0"/>
      <line num="134" type="stmt" count="0"/>
      <line num="137" type="method" name="alquilarSocioProducto" visibility="public" complexity="8" crap="8.75" count="3"/>
      <line num="139" type="stmt" count="3"/>
      <line num="140" type="stmt" count="3"/>
      <line num="141" type="stmt" count="1"/>
      <line num="142" type="stmt" count="1"/>
      <line num="143" type="stmt" count="1"/>
      <line num="147" type="stmt" count="3"/>
      <line num="148" type="stmt" count="3"/>
      <line num="149" type="stmt" count="2"/>
      <line num="150" type="stmt" count="2"/>
      <line num="151" type="stmt" count="2"/>
      <line num="155" type="stmt" count="3"/>
      <line num="156" type="stmt" count="2"/>
      <line num="157" type="stmt" count="2"/>
      <line num="159" type="stmt" count="1"/>
      <line num="160" type="stmt" count="0"/>
      <line num="161" type="stmt" count="0"/>
      <line num="165" type="stmt" count="1"/>
      <line num="166" type="stmt" count="1"/>
      <line num="167" type="stmt" count="0"/>
      <line num="168" type="stmt" count="0"/>
      <line num="169" type="stmt" count="0"/>
      <line num="172" type="stmt" count="1"/>
      <line num="175" type="method" name="devolverSocioProducto" visibility="public" complexity="8" crap="8.66" count="3"/>
      <line num="177" type="stmt" count="3"/>
      <line num="178" type="stmt" count="3"/>
      <line num="179" type="stmt" count="1"/>
      <line num="180" type="stmt" count="1"/>
      <line num="181" type="stmt" count="1"/>
      <line num="185" type="stmt" count="3"/>
      <line num="186" type="stmt" count="3"/>
      <line num="187" type="stmt" count="2"/>
      <line num="188" type="stmt" count="2"/>
      <line num="189" type="stmt" count="2"/>
      <line num="193" type="stmt" count="3"/>
      <line num="194" type="stmt" count="2"/>
      <line num="195" type="stmt" count="2"/>
      <line num="197" type="stmt" count="1"/>
      <line num="198" type="stmt" count="0"/>
      <line num="199" type="stmt" count="0"/>
      <line num="203" type="stmt" count="1"/>
      <line num="204" type="stmt" count="1"/>
      <line num="205" type="stmt" count="1"/>
      <line num="206" type="stmt" count="0"/>
      <line num="207" type="stmt" count="0"/>
      <line num="208" type="stmt" count="0"/>
      <line num="211" type="stmt" count="1"/>
      <line num="220" type="method" name="obtenerSocioPorNumero" visibility="public" complexity="3" crap="12" count="0"/>
      <line num="222" type="stmt" count="0"/>
      <line num="223" type="stmt" count="0"/>
      <line num="224" type="stmt" count="0"/>
      <line num="227" type="stmt" count="0"/>
      <line num="234" type="method" name="alquilar" visibility="public" complexity="1" crap="1" count="1"/>
      <line num="237" type="stmt" count="1"/>
      <line num="243" type="method" name="devolver" visibility="public" complexity="1" crap="1" count="1"/>
      <line num="245" type="stmt" count="1"/>
      <metrics loc="248" ncloc="193" classes="1" methods="13" coveredmethods="6" conditionals="0" coveredconditionals="0" statements="82" coveredstatements="52" elements="95" coveredelements="58"/>
    </file>
    <metrics files="14" loc="806" ncloc="692" classes="8" methods="57" coveredmethods="21" conditionals="0" coveredconditionals="0" statements="242" coveredstatements="124" elements="299" coveredelements="145"/>
  </project>
</coverage>
